<?xml version="1.0" encoding="UTF-8"?>
<!-- Generated by org.testng.reporters.JUnitReportReporter -->
<testsuite hostname="win-PC" failures="0" tests="1" name="eCommerceProjects.Ajio" time="31.316" errors="0" timestamp="2023-07-30T16:39:29 IST" skipped="0">
  <testcase classname="eCommerceProjects.Ajio" name="aJioTest" time="31.316"/>
  <system-out>
    <![CDATA[Opening AJio]]>
  </system-out>
</testsuite> <!-- eCommerceProjects.Ajio -->
