<?xml version="1.0" encoding="UTF-8"?>
<!-- Generated by org.testng.reporters.JUnitReportReporter -->
<testsuite hostname="win-PC" failures="0" tests="1" name="eCommerceProjects.Amazon" time="17.630" errors="0" timestamp="2023-07-30T16:39:29 IST" skipped="0">
  <testcase classname="eCommerceProjects.Amazon" name="amazontest" time="17.630"/>
  <system-out>
    <![CDATA[opening amazon]]>
  </system-out>
</testsuite> <!-- eCommerceProjects.Amazon -->
