<?xml version="1.0" encoding="UTF-8"?>
<!-- Generated by org.testng.reporters.JUnitReportReporter -->
<testsuite hostname="win-PC" failures="0" tests="1" name="eCommerceProjects.flipKart" time="19.179" errors="0" timestamp="2023-07-30T16:39:29 IST" skipped="0">
  <testcase classname="eCommerceProjects.flipKart" name="FlipkartTest" time="19.179"/>
  <system-out>
    <![CDATA[Opening FlipKart]]>
  </system-out>
</testsuite> <!-- eCommerceProjects.flipKart -->
